<?xml version="1.0" encoding="UTF-8"?>
<!-- Generated by org.testng.reporters.JUnitReportReporter -->
<testsuite hostname="DESKTOP-4IT0H0B" failures="0" tests="2" name="com.selenium.TestAnnotation" time="0.013" errors="0" timestamp="2022-04-18T14:48:42 IST" skipped="0">
  <testcase classname="com.selenium.TestAnnotation" name="Test1" time="0.009"/>
  <system-out/>
  <testcase classname="com.selenium.TestAnnotation" name="Test2" time="0.004"/>
  <system-out/>
</testsuite> <!-- com.selenium.TestAnnotation -->
