<?xml version="1.0" encoding="UTF-8"?>
<!-- Generated by org.testng.reporters.JUnitReportReporter -->
<testsuite hostname="DESKTOP-4IT0H0B" failures="0" tests="3" name="com.ecom.webapp.Testing" time="277.951" errors="0" timestamp="2022-04-18T17:49:14 IST" skipped="0">
  <testcase classname="com.ecom.webapp.Testing" name="register" time="88.862"/>
  <system-out/>
  <testcase classname="com.ecom.webapp.Testing" name="login" time="134.997"/>
  <system-out/>
  <testcase classname="com.ecom.webapp.Testing" name="addToCart" time="54.092"/>
  <system-out/>
</testsuite> <!-- com.ecom.webapp.Testing -->
